#
# A fatal error has been detected by the Java Runtime Environment:
#
#  EXCEPTION_ACCESS_VIOLATION (0xc0000005) at pc=0x0000000072c36ae6, pid=3964, tid=3500
#
# JRE version: Java(TM) SE Runtime Environment (8.0_77-b03) (build 1.8.0_77-b03)
# Java VM: Java HotSpot(TM) 64-Bit Server VM (25.77-b03 mixed mode windows-amd64 compressed oops)
# Problematic frame:
# V  [jvm.dll+0x496ae6]
#
# Failed to write core dump. Minidumps are not enabled by default on client versions of Windows
#
# If you would like to submit a bug report, please visit:
#   http://bugreport.java.com/bugreport/crash.jsp
#

---------------  T H R E A D  ---------------

Current thread (0x000000001498c800):  JavaThread "C2 CompilerThread1" daemon [_thread_in_native, id=3500, stack(0x00000000160f0000,0x00000000161f0000)]

siginfo: ExceptionCode=0xc0000005, reading address 0xffffffffffffffff

Registers:
RAX=0x00000000183866f0, RBX=0x000000000000000e, RCX=0x0000000000000003, RDX=0x0000000000000003
RSP=0x00000000161ec390, RBP=0x000000000007a9c0, RSI=0x0000000000001184, RDI=0x0000000018eeb800
R8 =0x0000000000004000, R9 =0x0040000072fb0d38, R10=0x00000000161ec530, R11=0x00000000161ec3f0
R12=0x00000000183b4fc0, R13=0x00000000161ec820, R14=0x00000000727a0000, R15=0x0000000072fb0d38
RIP=0x0000000072c36ae6, EFLAGS=0x0000000000010206

Top of Stack: (sp=0x00000000161ec390)
0x00000000161ec390:   0000000000000034 0000000000000008
0x00000000161ec3a0:   000000000007a9c0 0000000000001184
0x00000000161ec3b0:   00000a6f00000120 0000000000000004
0x00000000161ec3c0:   00000000180b6780 000000000000000b
0x00000000161ec3d0:   0000000018049c78 0000000000000015
0x00000000161ec3e0:   000000001883b1d0 0000000072d20c95
0x00000000161ec3f0:   00000000161ec820 0000000000001184
0x00000000161ec400:   0000000072fb0d38 0000000000000028
0x00000000161ec410:   000000001739dfa0 0000000072c36fd3
0x00000000161ec420:   0000000000000000 0000000000000004
0x00000000161ec430:   000000001883b1d0 00000000185f0018
0x00000000161ec440:   0000000000000002 0000000000004758
0x00000000161ec450:   000000001883b1d0 000000001728df30
0x00000000161ec460:   00000000161ec530 0000000016530e78
0x00000000161ec470:   0000000016530aa0 0000000000000000
0x00000000161ec480:   00000000161ec820 0000000016530a90 

Instructions: (pc=0x0000000072c36ae6)
0x0000000072c36ac6:   26 44 00 00 4c 8b c8 8b d3 83 e3 1f 41 b8 01 00
0x0000000072c36ad6:   00 00 c1 ea 05 0f b6 cb 83 e2 07 41 d3 e0 8b ca
0x0000000072c36ae6:   41 8b 14 91 8b c2 41 0b c0 41 89 04 89 41 85 d0
0x0000000072c36af6:   0f 85 a4 fe ff ff ff 07 e9 9d fe ff ff 48 8b bc 


Register to memory mapping:

RAX=0x00000000183866f0 is an unknown value
RBX=0x000000000000000e is an unknown value
RCX=0x0000000000000003 is an unknown value
RDX=0x0000000000000003 is an unknown value
RSP=0x00000000161ec390 is pointing into the stack for thread: 0x000000001498c800
RBP=0x000000000007a9c0 is an unknown value
RSI=0x0000000000001184 is an unknown value
RDI=0x0000000018eeb800 is an unknown value
R8 =0x0000000000004000 is an unknown value
R9 =0x0040000072fb0d38 is an unknown value
R10=0x00000000161ec530 is pointing into the stack for thread: 0x000000001498c800
R11=0x00000000161ec3f0 is pointing into the stack for thread: 0x000000001498c800
R12=0x00000000183b4fc0 is an unknown value
R13=0x00000000161ec820 is pointing into the stack for thread: 0x000000001498c800
R14=0x00000000727a0000 is an unknown value
R15=0x0000000072fb0d38 is an unknown value


Stack: [0x00000000160f0000,0x00000000161f0000],  sp=0x00000000161ec390,  free space=1008k
Native frames: (J=compiled Java code, j=interpreted, Vv=VM code, C=native code)
V  [jvm.dll+0x496ae6]
V  [jvm.dll+0x496fd3]
V  [jvm.dll+0x462afa]
V  [jvm.dll+0x46dd9b]
V  [jvm.dll+0x4703b2]
V  [jvm.dll+0x453492]
V  [jvm.dll+0xa4ae2]
V  [jvm.dll+0xa541f]
V  [jvm.dll+0x243434]
V  [jvm.dll+0x29a27a]
C  [msvcr100.dll+0x21d9f]
C  [msvcr100.dll+0x21e3b]
C  [KERNEL32.DLL+0x18102]
C  [ntdll.dll+0x5c5b4]


Current CompileTask:
C2:   4299 1910   !   4       com.android.dx.cf.cst.ConstantPoolParser::parse0 (731 bytes)


---------------  P R O C E S S  ---------------

Java Threads: ( => current thread )
  0x0000000016565800 JavaThread "pool-1-thread-4" [_thread_blocked, id=3596, stack(0x0000000016cf0000,0x0000000016df0000)]
  0x0000000016564800 JavaThread "pool-1-thread-3" [_thread_blocked, id=3424, stack(0x0000000016bf0000,0x0000000016cf0000)]
  0x0000000016563000 JavaThread "pool-1-thread-2" [_thread_in_Java, id=6216, stack(0x0000000016af0000,0x0000000016bf0000)]
  0x0000000016557000 JavaThread "pool-2-thread-1" [_thread_blocked, id=6000, stack(0x00000000169f0000,0x0000000016af0000)]
  0x000000001654a000 JavaThread "pool-1-thread-1" [_thread_blocked, id=5612, stack(0x00000000168f0000,0x00000000169f0000)]
  0x00000000162fa800 JavaThread "Service Thread" daemon [_thread_blocked, id=3460, stack(0x00000000166f0000,0x00000000167f0000)]
  0x0000000014993000 JavaThread "C1 CompilerThread2" daemon [_thread_blocked, id=6048, stack(0x00000000161f0000,0x00000000162f0000)]
=>0x000000001498c800 JavaThread "C2 CompilerThread1" daemon [_thread_in_native, id=3500, stack(0x00000000160f0000,0x00000000161f0000)]
  0x0000000014998000 JavaThread "C2 CompilerThread0" daemon [_thread_in_native, id=3948, stack(0x0000000015ff0000,0x00000000160f0000)]
  0x0000000014997000 JavaThread "Attach Listener" daemon [_thread_blocked, id=6012, stack(0x0000000015ef0000,0x0000000015ff0000)]
  0x0000000014995800 JavaThread "Signal Dispatcher" daemon [_thread_blocked, id=2196, stack(0x0000000015df0000,0x0000000015ef0000)]
  0x000000001497a800 JavaThread "Finalizer" daemon [_thread_blocked, id=1992, stack(0x0000000015bf0000,0x0000000015cf0000)]
  0x00000000022af000 JavaThread "Reference Handler" daemon [_thread_blocked, id=2824, stack(0x0000000015af0000,0x0000000015bf0000)]
  0x0000000001efe000 JavaThread "main" [_thread_in_Java, id=5644, stack(0x0000000001fc0000,0x00000000020c0000)]

Other Threads:
  0x0000000014957800 VMThread [stack: 0x00000000159f0000,0x0000000015af0000] [id=5044]
  0x00000000162f7800 WatcherThread [stack: 0x00000000167f0000,0x00000000168f0000] [id=7064]

VM state:not at safepoint (normal execution)

VM Mutex/Monitor currently owned by a thread: None

Heap:
 PSYoungGen      total 146944K, used 75803K [0x00000000eab00000, 0x00000000f5200000, 0x0000000100000000)
  eden space 130560K, 46% used [0x00000000eab00000,0x00000000ee5b51b0,0x00000000f2a80000)
  from space 16384K, 95% used [0x00000000f3d00000,0x00000000f4c51e20,0x00000000f4d00000)
  to   space 18944K, 0% used [0x00000000f2a80000,0x00000000f2a80000,0x00000000f3d00000)
 ParOldGen       total 87552K, used 24284K [0x00000000c0000000, 0x00000000c5580000, 0x00000000eab00000)
  object space 87552K, 27% used [0x00000000c0000000,0x00000000c17b7140,0x00000000c5580000)
 Metaspace       used 6530K, capacity 7256K, committed 7424K, reserved 1056768K
  class space    used 625K, capacity 656K, committed 768K, reserved 1048576K

Card table byte_map: [0x0000000011680000,0x0000000011890000] byte_map_base: 0x0000000011080000

Marking Bits: (ParMarkBitMap*) 0x0000000072fb0600
 Begin Bits: [0x0000000011df0000, 0x0000000012df0000)
 End Bits:   [0x0000000012df0000, 0x0000000013df0000)

Polling page: 0x0000000001e40000

CodeCache: size=245760Kb used=7328Kb max_used=7328Kb free=238431Kb
 bounds [0x00000000022c0000, 0x00000000029f0000, 0x00000000112c0000]
 total_blobs=2213 nmethods=1943 adapters=182
 compilation: enabled

Compilation events (10 events):
Event: 4.237 Thread 0x0000000014993000 1989       2       com.android.dx.cf.code.LocalVariableList::mergeDescriptorsAndSignatures (80 bytes)
Event: 4.238 Thread 0x0000000014993000 nmethod 1989 0x00000000029e3450 code [0x00000000029e3660, 0x00000000029e3df8]
Event: 4.259 Thread 0x0000000014993000 1992       2       com.android.dx.cf.code.Simulator::requiredArrayTypeFor (61 bytes)
Event: 4.259 Thread 0x0000000014993000 nmethod 1992 0x00000000029e4810 code [0x00000000029e49c0, 0x00000000029e4cb8]
Event: 4.270 Thread 0x0000000014993000 1994       2       com.android.dx.rop.code.RegisterSpecList::withoutLast (60 bytes)
Event: 4.271 Thread 0x0000000014993000 nmethod 1994 0x00000000029e4f50 code [0x00000000029e5120, 0x00000000029e56e8]
Event: 4.274 Thread 0x0000000014993000 1996       2       java.util.ArrayList::set (20 bytes)
Event: 4.274 Thread 0x0000000014993000 nmethod 1996 0x00000000029e5cd0 code [0x00000000029e5e60, 0x00000000029e6138]
Event: 4.274 Thread 0x0000000014993000 1997       2       com.android.dx.ssa.back.RegisterAllocator::insertMoveBefore (240 bytes)
Event: 4.275 Thread 0x0000000014993000 nmethod 1997 0x00000000029e6390 code [0x00000000029e66a0, 0x00000000029e7648]

GC Heap History (10 events):
Event: 3.606 GC heap before
{Heap before GC invocations=2 (full 0):
 PSYoungGen      total 38400K, used 38390K [0x00000000eab00000, 0x00000000ed580000, 0x0000000100000000)
  eden space 33280K, 100% used [0x00000000eab00000,0x00000000ecb80000,0x00000000ecb80000)
  from space 5120K, 99% used [0x00000000ecb80000,0x00000000ed07dbd0,0x00000000ed080000)
  to   space 5120K, 0% used [0x00000000ed080000,0x00000000ed080000,0x00000000ed580000)
 ParOldGen       total 87552K, used 309K [0x00000000c0000000, 0x00000000c5580000, 0x00000000eab00000)
  object space 87552K, 0% used [0x00000000c0000000,0x00000000c004d478,0x00000000c5580000)
 Metaspace       used 6121K, capacity 7026K, committed 7296K, reserved 1056768K
  class space    used 604K, capacity 618K, committed 640K, reserved 1048576K
Event: 3.618 GC heap after
Heap after GC invocations=2 (full 0):
 PSYoungGen      total 38400K, used 5089K [0x00000000eab00000, 0x00000000ef600000, 0x0000000100000000)
  eden space 33280K, 0% used [0x00000000eab00000,0x00000000eab00000,0x00000000ecb80000)
  from space 5120K, 99% used [0x00000000ed080000,0x00000000ed5786e0,0x00000000ed580000)
  to   space 5120K, 0% used [0x00000000ecb80000,0x00000000ecb80000,0x00000000ed080000)
 ParOldGen       total 87552K, used 3925K [0x00000000c0000000, 0x00000000c5580000, 0x00000000eab00000)
  object space 87552K, 4% used [0x00000000c0000000,0x00000000c03d5470,0x00000000c5580000)
 Metaspace       used 6121K, capacity 7026K, committed 7296K, reserved 1056768K
  class space    used 604K, capacity 618K, committed 640K, reserved 1048576K
}
Event: 3.716 GC heap before
{Heap before GC invocations=3 (full 0):
 PSYoungGen      total 38400K, used 38369K [0x00000000eab00000, 0x00000000ef600000, 0x0000000100000000)
  eden space 33280K, 100% used [0x00000000eab00000,0x00000000ecb80000,0x00000000ecb80000)
  from space 5120K, 99% used [0x00000000ed080000,0x00000000ed5786e0,0x00000000ed580000)
  to   space 5120K, 0% used [0x00000000ecb80000,0x00000000ecb80000,0x00000000ed080000)
 ParOldGen       total 87552K, used 3925K [0x00000000c0000000, 0x00000000c5580000, 0x00000000eab00000)
  object space 87552K, 4% used [0x00000000c0000000,0x00000000c03d5470,0x00000000c5580000)
 Metaspace       used 6201K, capacity 7090K, committed 7296K, reserved 1056768K
  class space    used 605K, capacity 618K, committed 640K, reserved 1048576K
Event: 3.731 GC heap after
Heap after GC invocations=3 (full 0):
 PSYoungGen      total 38400K, used 5089K [0x00000000eab00000, 0x00000000ef600000, 0x0000000100000000)
  eden space 33280K, 0% used [0x00000000eab00000,0x00000000eab00000,0x00000000ecb80000)
  from space 5120K, 99% used [0x00000000ecb80000,0x00000000ed0786e0,0x00000000ed080000)
  to   space 5120K, 0% used [0x00000000ef100000,0x00000000ef100000,0x00000000ef600000)
 ParOldGen       total 87552K, used 8823K [0x00000000c0000000, 0x00000000c5580000, 0x00000000eab00000)
  object space 87552K, 10% used [0x00000000c0000000,0x00000000c089dc50,0x00000000c5580000)
 Metaspace       used 6201K, capacity 7090K, committed 7296K, reserved 1056768K
  class space    used 605K, capacity 618K, committed 640K, reserved 1048576K
}
Event: 3.813 GC heap before
{Heap before GC invocations=4 (full 0):
 PSYoungGen      total 38400K, used 38369K [0x00000000eab00000, 0x00000000ef600000, 0x0000000100000000)
  eden space 33280K, 100% used [0x00000000eab00000,0x00000000ecb80000,0x00000000ecb80000)
  from space 5120K, 99% used [0x00000000ecb80000,0x00000000ed0786e0,0x00000000ed080000)
  to   space 5120K, 0% used [0x00000000ef100000,0x00000000ef100000,0x00000000ef600000)
 ParOldGen       total 87552K, used 8823K [0x00000000c0000000, 0x00000000c5580000, 0x00000000eab00000)
  object space 87552K, 10% used [0x00000000c0000000,0x00000000c089dc50,0x00000000c5580000)
 Metaspace       used 6275K, capacity 7154K, committed 7296K, reserved 1056768K
  class space    used 605K, capacity 618K, committed 640K, reserved 1048576K
Event: 3.824 GC heap after
Heap after GC invocations=4 (full 0):
 PSYoungGen      total 71680K, used 5101K [0x00000000eab00000, 0x00000000ef600000, 0x0000000100000000)
  eden space 66560K, 0% used [0x00000000eab00000,0x00000000eab00000,0x00000000eec00000)
  from space 5120K, 99% used [0x00000000ef100000,0x00000000ef5fb470,0x00000000ef600000)
  to   space 5120K, 0% used [0x00000000eec00000,0x00000000eec00000,0x00000000ef100000)
 ParOldGen       total 87552K, used 14390K [0x00000000c0000000, 0x00000000c5580000, 0x00000000eab00000)
  object space 87552K, 16% used [0x00000000c0000000,0x00000000c0e0dbe0,0x00000000c5580000)
 Metaspace       used 6275K, capacity 7154K, committed 7296K, reserved 1056768K
  class space    used 605K, capacity 618K, committed 640K, reserved 1048576K
}
Event: 3.984 GC heap before
{Heap before GC invocations=5 (full 0):
 PSYoungGen      total 71680K, used 71661K [0x00000000eab00000, 0x00000000ef600000, 0x0000000100000000)
  eden space 66560K, 100% used [0x00000000eab00000,0x00000000eec00000,0x00000000eec00000)
  from space 5120K, 99% used [0x00000000ef100000,0x00000000ef5fb470,0x00000000ef600000)
  to   space 5120K, 0% used [0x00000000eec00000,0x00000000eec00000,0x00000000ef100000)
 ParOldGen       total 87552K, used 14390K [0x00000000c0000000, 0x00000000c5580000, 0x00000000eab00000)
  object space 87552K, 16% used [0x00000000c0000000,0x00000000c0e0dbe0,0x00000000c5580000)
 Metaspace       used 6399K, capacity 7154K, committed 7296K, reserved 1056768K
  class space    used 605K, capacity 618K, committed 640K, reserved 1048576K
Event: 4.002 GC heap after
Heap after GC invocations=5 (full 0):
 PSYoungGen      total 71680K, used 5108K [0x00000000eab00000, 0x00000000f4d00000, 0x0000000100000000)
  eden space 66560K, 0% used [0x00000000eab00000,0x00000000eab00000,0x00000000eec00000)
  from space 5120K, 99% used [0x00000000eec00000,0x00000000ef0fd380,0x00000000ef100000)
  to   space 16384K, 0% used [0x00000000f3d00000,0x00000000f3d00000,0x00000000f4d00000)
 ParOldGen       total 87552K, used 24284K [0x00000000c0000000, 0x00000000c5580000, 0x00000000eab00000)
  object space 87552K, 27% used [0x00000000c0000000,0x00000000c17b7140,0x00000000c5580000)
 Metaspace       used 6399K, capacity 7154K, committed 7296K, reserved 1056768K
  class space    used 605K, capacity 618K, committed 640K, reserved 1048576K
}
Event: 4.146 GC heap before
{Heap before GC invocations=6 (full 0):
 PSYoungGen      total 71680K, used 71668K [0x00000000eab00000, 0x00000000f4d00000, 0x0000000100000000)
  eden space 66560K, 100% used [0x00000000eab00000,0x00000000eec00000,0x00000000eec00000)
  from space 5120K, 99% used [0x00000000eec00000,0x00000000ef0fd380,0x00000000ef100000)
  to   space 16384K, 0% used [0x00000000f3d00000,0x00000000f3d00000,0x00000000f4d00000)
 ParOldGen       total 87552K, used 24284K [0x00000000c0000000, 0x00000000c5580000, 0x00000000eab00000)
  object space 87552K, 27% used [0x00000000c0000000,0x00000000c17b7140,0x00000000c5580000)
 Metaspace       used 6419K, capacity 7218K, committed 7296K, reserved 1056768K
  class space    used 605K, capacity 618K, committed 640K, reserved 1048576K
Event: 4.165 GC heap after
Heap after GC invocations=6 (full 0):
 PSYoungGen      total 146944K, used 15687K [0x00000000eab00000, 0x00000000f5200000, 0x0000000100000000)
  eden space 130560K, 0% used [0x00000000eab00000,0x00000000eab00000,0x00000000f2a80000)
  from space 16384K, 95% used [0x00000000f3d00000,0x00000000f4c51e20,0x00000000f4d00000)
  to   space 18944K, 0% used [0x00000000f2a80000,0x00000000f2a80000,0x00000000f3d00000)
 ParOldGen       total 87552K, used 24284K [0x00000000c0000000, 0x00000000c5580000, 0x00000000eab00000)
  object space 87552K, 27% used [0x00000000c0000000,0x00000000c17b7140,0x00000000c5580000)
 Metaspace       used 6419K, capacity 7218K, committed 7296K, reserved 1056768K
  class space    used 605K, capacity 618K, committed 640K, reserved 1048576K
}

Deoptimization events (10 events):
Event: 3.674 Thread 0x0000000016565800 Uncommon trap: reason=bimorphic action=maybe_recompile pc=0x0000000002508570 method=java.util.HashMap.getNode(ILjava/lang/Object;)Ljava/util/HashMap$Node; @ 126
Event: 3.674 Thread 0x0000000016565800 Uncommon trap: reason=class_check action=maybe_recompile pc=0x000000000276ff80 method=java.util.HashMap.putVal(ILjava/lang/Object;Ljava/lang/Object;ZZ)Ljava/lang/Object; @ 203
Event: 3.674 Thread 0x0000000016565800 Uncommon trap: reason=bimorphic action=maybe_recompile pc=0x0000000002584828 method=java.util.HashMap.getNode(ILjava/lang/Object;)Ljava/util/HashMap$Node; @ 126
Event: 3.848 Thread 0x0000000016563000 Uncommon trap: reason=bimorphic action=maybe_recompile pc=0x0000000002878fd4 method=com.android.dx.cf.code.BytecodeArray.parseInstruction(ILcom/android/dx/cf/code/BytecodeArray$Visitor;)I @ 1501
Event: 3.848 Thread 0x0000000016563000 Uncommon trap: reason=bimorphic action=maybe_recompile pc=0x0000000002878fd4 method=com.android.dx.cf.code.BytecodeArray.parseInstruction(ILcom/android/dx/cf/code/BytecodeArray$Visitor;)I @ 1501
Event: 3.867 Thread 0x0000000001efe000 Uncommon trap: reason=uninitialized action=reinterpret pc=0x0000000002879624 method=com.android.dx.cf.code.BytecodeArray.parseInstruction(ILcom/android/dx/cf/code/BytecodeArray$Visitor;)I @ 999
Event: 3.937 Thread 0x000000001654a000 Uncommon trap: reason=unstable_if action=reinterpret pc=0x0000000002899694 method=com.android.dx.ssa.SCCP.simulateBranch(Lcom/android/dx/ssa/SsaInsn;)V @ 548
Event: 3.938 Thread 0x000000001654a000 Uncommon trap: reason=class_check action=maybe_recompile pc=0x000000000276ff80 method=java.util.HashMap.putVal(ILjava/lang/Object;Ljava/lang/Object;ZZ)Ljava/lang/Object; @ 203
Event: 4.206 Thread 0x0000000016565800 Uncommon trap: reason=unstable_if action=reinterpret pc=0x000000000260ccc8 method=java.util.HashMap.putVal(ILjava/lang/Object;Ljava/lang/Object;ZZ)Ljava/lang/Object; @ 162
Event: 4.207 Thread 0x0000000016565800 Uncommon trap: reason=unstable_if action=reinterpret pc=0x000000000286d7c4 method=java.util.HashMap.getNode(ILjava/lang/Object;)Ljava/util/HashMap$Node; @ 84

Internal exceptions (6 events):
Event: 0.187 Thread 0x0000000001efe000 Exception <a 'java/lang/NoSuchMethodError': Method sun.misc.Unsafe.defineClass(Ljava/lang/String;[BII)Ljava/lang/Class; name or signature does not match> (0x00000000eab07cc0) thrown at [D:\re\workspace\8-2-build-windows-amd64-cygwin\jdk8u77\6540\hotspot\srn½ÛïÇ?
Event: 0.187 Thread 0x0000000001efe000 Exception <a 'java/lang/NoSuchMethodError': Method sun.misc.Unsafe.prefetchRead(Ljava/lang/Object;J)V name or signature does not match> (0x00000000eab07fa8) thrown at [D:\re\workspace\8-2-build-windows-amd64-cygwin\jdk8u77\6540\hotspot\src\share\vm\prims\jäö@+N€@
Event: 3.438 Thread 0x0000000016565800 Implicit null exception at 0x000000000260bc22 to 0x000000000260bd1a
Event: 4.207 Thread 0x0000000016565800 Exception <a 'java/lang/ArrayIndexOutOfBoundsException': 18> (0x00000000ec1245b0) thrown at [D:\re\workspace\8-2-build-windows-amd64-cygwin\jdk8u77\6540\hotspot\src\share\vm\interpreter\interpreterRuntime.cpp, line 366]
Event: 4.207 Thread 0x0000000016565800 Exception <a 'java/lang/ArrayIndexOutOfBoundsException': 145> (0x00000000ec126130) thrown at [D:\re\workspace\8-2-build-windows-amd64-cygwin\jdk8u77\6540\hotspot\src\share\vm\interpreter\interpreterRuntime.cpp, line 366]
Event: 4.207 Thread 0x0000000016565800 Exception <a 'java/lang/ArrayIndexOutOfBoundsException'> (0x00000000ec127418) thrown at [D:\re\workspace\8-2-build-windows-amd64-cygwin\jdk8u77\6540\hotspot\src\share\vm\runtime\sharedRuntime.cpp, line 605]

Events (10 events):
Event: 4.207 loading class sun/reflect/generics/reflectiveObjects/TypeVariableImpl done
Event: 4.207 Thread 0x0000000016565800 Uncommon trap: trap_request=0xffffff65 fr.pc=0x000000000286d7c4
Event: 4.207 Thread 0x0000000016565800 DEOPT PACKING pc=0x000000000286d7c4 sp=0x0000000016dee950
Event: 4.207 Thread 0x0000000016565800 DEOPT UNPACKING pc=0x000000000230582a sp=0x0000000016dee870 mode 2
Event: 4.234 Thread 0x0000000016563000 DEOPT PACKING pc=0x0000000002603c75 sp=0x0000000016bee8f0
Event: 4.234 Thread 0x0000000016563000 DEOPT UNPACKING pc=0x000000000230787f sp=0x0000000016bee658 mode 0
Event: 4.249 Thread 0x000000001654a000 DEOPT PACKING pc=0x0000000002603c75 sp=0x00000000169ee770
Event: 4.249 Thread 0x000000001654a000 DEOPT UNPACKING pc=0x000000000230787f sp=0x00000000169ee4d8 mode 0
Event: 4.264 Thread 0x0000000016563000 DEOPT PACKING pc=0x0000000002603c75 sp=0x0000000016bee8f0
Event: 4.264 Thread 0x0000000016563000 DEOPT UNPACKING pc=0x000000000230787f sp=0x0000000016bee658 mode 0


Dynamic libraries:
0x00007ff78fa00000 - 0x00007ff78fa37000 	C:\Program Files\Java\jdk1.8.0_77\bin\java.exe
0x00007ffaae050000 - 0x00007ffaae211000 	C:\Windows\SYSTEM32\ntdll.dll
0x00007ffaab690000 - 0x00007ffaab73d000 	C:\Windows\system32\KERNEL32.DLL
0x00007ffaaafc0000 - 0x00007ffaab1a8000 	C:\Windows\system32\KERNELBASE.dll
0x00007ffaadf40000 - 0x00007ffaadfe7000 	C:\Windows\system32\ADVAPI32.dll
0x00007ffaad4a0000 - 0x00007ffaad53d000 	C:\Windows\system32\msvcrt.dll
0x00007ffaab630000 - 0x00007ffaab68b000 	C:\Windows\system32\sechost.dll
0x00007ffaadc60000 - 0x00007ffaadd7c000 	C:\Windows\system32\RPCRT4.dll
0x00007ffaad6b0000 - 0x00007ffaad806000 	C:\Windows\system32\USER32.dll
0x00007ffaad310000 - 0x00007ffaad496000 	C:\Windows\system32\GDI32.dll
0x00007ffaa4460000 - 0x00007ffaa46d4000 	C:\Windows\WinSxS\amd64_microsoft.windows.common-controls_6595b64144ccf1df_6.0.10586.0_none_8c15ae12515e1c22\COMCTL32.dll
0x00007ffaad9c0000 - 0x00007ffaadc3d000 	C:\Windows\system32\combase.dll
0x00007ffaaa700000 - 0x00007ffaaa76a000 	C:\Windows\system32\bcryptPrimitives.dll
0x00007ffaab450000 - 0x00007ffaab48b000 	C:\Windows\system32\IMM32.DLL
0x0000000072320000 - 0x00000000723f2000 	C:\Program Files\Java\jdk1.8.0_77\jre\bin\msvcr100.dll
0x00000000727a0000 - 0x0000000073030000 	C:\Program Files\Java\jdk1.8.0_77\jre\bin\server\jvm.dll
0x00007ffaadd80000 - 0x00007ffaadd88000 	C:\Windows\system32\PSAPI.DLL
0x00007ffa9d910000 - 0x00007ffa9d919000 	C:\Windows\SYSTEM32\WSOCK32.dll
0x00007ffaab5c0000 - 0x00007ffaab62b000 	C:\Windows\system32\WS2_32.dll
0x00007ffaa8c30000 - 0x00007ffaa8c53000 	C:\Windows\SYSTEM32\WINMM.dll
0x00007ffa9d900000 - 0x00007ffa9d90a000 	C:\Windows\SYSTEM32\VERSION.dll
0x00007ffaa8ba0000 - 0x00007ffaa8bcc000 	C:\Windows\SYSTEM32\WINMMBASE.dll
0x00007ffaaa890000 - 0x00007ffaaa8d3000 	C:\Windows\system32\cfgmgr32.dll
0x0000000072790000 - 0x000000007279f000 	C:\Program Files\Java\jdk1.8.0_77\jre\bin\verify.dll
0x0000000072760000 - 0x0000000072789000 	C:\Program Files\Java\jdk1.8.0_77\jre\bin\java.dll
0x0000000072740000 - 0x0000000072756000 	C:\Program Files\Java\jdk1.8.0_77\jre\bin\zip.dll
0x00007ffaab910000 - 0x00007ffaace6c000 	C:\Windows\system32\SHELL32.dll
0x00007ffaaa8e0000 - 0x00007ffaaaf25000 	C:\Windows\system32\windows.storage.dll
0x00007ffaadff0000 - 0x00007ffaae042000 	C:\Windows\system32\shlwapi.dll
0x00007ffaaa6f0000 - 0x00007ffaaa6ff000 	C:\Windows\system32\kernel.appcore.dll
0x00007ffaaa770000 - 0x00007ffaaa825000 	C:\Windows\system32\shcore.dll
0x00007ffaaa670000 - 0x00007ffaaa6bb000 	C:\Windows\system32\powrprof.dll
0x00007ffaaa6d0000 - 0x00007ffaaa6e4000 	C:\Windows\system32\profapi.dll
0x00007ffa9e7e0000 - 0x00007ffa9e96c000 	C:\Windows\SYSTEM32\dbghelp.dll

VM Arguments:
jvm_args: -Djava.awt.headless=true -Xmx1024M -Dfile.encoding=windows-1252 -Duser.country=AR -Duser.language=es -Duser.variant 
java_command: com.android.dx.command.Main --dex --force-jumbo --num-threads=4 --output Z:\Nueva carpeta\Carpeta z 2016\Proyecto Final\bva\app\build\intermediates\pre-dexed\debug\com.android.support-support-v4-23.3.0_f15b06b8e75751f63733516af785a2958fefc99f.jar Z:\Nueva carpeta\Carpeta z 2016\Proyecto Final\bva\app\build\intermediates\exploded-aar\com.android.support\support-v4\23.3.0\jars\classes.jar
java_class_path (initial): C:\Android\sdk\build-tools\23.0.3\lib\dx.jar
Launcher Type: SUN_STANDARD

Environment Variables:
PATH=C:\ProgramData\Oracle\Java\javapath;C:\Windows\system32;C:\Windows;C:\Windows\System32\Wbem;C:\Windows\System32\WindowsPowerShell\v1.0\;C:\Program Files\TortoiseSVN\bin;C:\Program Files (x86)\Microsoft SQL Server\Client SDK\ODBC\110\Tools\Binn\;C:\Program Files (x86)\Microsoft SQL Server\120\Tools\Binn\ManagementStudio\;C:\Program Files (x86)\Microsoft SQL Server\120\Tools\Binn\;C:\Program Files (x86)\Microsoft SQL Server\120\DTS\Binn\;C:\Program Files\Git\cmd;C:\Program Files (x86)\GtkSharp\2.12\bin;C:\Windows\system32\config\systemprofile\.dnx\bin;C:\Program Files\Microsoft DNX\Dnvm\;C:\Program Files (x86)\Windows Kits\8.1\Windows Performance Toolkit\;C:\Program Files\Microsoft SQL Server\120\Tools\Binn\;C:\Program Files\Microsoft SQL Server\130\Tools\Binn\;C:\wamp64\bin\php\php5.6.16;C:\ProgramData\ComposerSetup\bin;C:\Users\Administrador\AppData\Roaming\Composer\vendor\bin
USERNAME=42014494
OS=Windows_NT
PROCESSOR_IDENTIFIER=Intel64 Family 6 Model 60 Stepping 3, GenuineIntel



---------------  S Y S T E M  ---------------

OS: Windows 10.0 , 64 bit Build 10586 (10.0.10586.0)

CPU:total 4 (4 cores per cpu, 1 threads per core) family 6 model 60 stepping 3, cmov, cx8, fxsr, mmx, sse, sse2, sse3, ssse3, sse4.1, sse4.2, popcnt, avx, avx2, aes, clmul, erms, lzcnt, tsc, tscinvbit, bmi1, bmi2

Memory: 4k page, physical 8276312k(3283464k free), swap 9587032k(2871888k free)

vm_info: Java HotSpot(TM) 64-Bit Server VM (25.77-b03) for windows-amd64 JRE (1.8.0_77-b03), built on Mar 20 2016 22:01:33 by "java_re" with MS VC++ 10.0 (VS2010)

time: Tue May 31 09:14:55 2016
elapsed time: 4 seconds (0d 0h 0m 4s)

